{
  "stats": {
    "suites": 1,
    "tests": 5,
    "passes": 5,
    "pending": 0,
    "failures": 0,
    "start": "2025-06-12T20:58:16.839Z",
    "end": "2025-06-12T20:58:16.853Z",
    "duration": 14,
    "testsRegistered": 5,
    "passPercent": 100,
    "pendingPercent": 0,
    "other": 0,
    "hasOther": false,
    "skipped": 0,
    "hasSkipped": false
  },
  "results": [
    {
      "uuid": "04716c6a-6d6c-4056-885c-4da93be34a88",
      "title": "",
      "fullFile": "C:\\Users\\Beatriz S Correa\\Documents\\Pós-graduação em Automação de Testes de Software  2025\\Programação para Automação de Testes\\Programacao-para-Automacao-de-Testes\\TrabalhoFinal\\trabalho-final.js",
      "file": "\\TrabalhoFinal\\trabalho-final.js",
      "beforeHooks": [],
      "afterHooks": [],
      "tests": [],
      "suites": [
        {
          "uuid": "6982d1be-3f78-4007-8605-24656158a46c",
          "title": "Testes da disciplina - fundamentos JS",
          "fullFile": "C:\\Users\\Beatriz S Correa\\Documents\\Pós-graduação em Automação de Testes de Software  2025\\Programação para Automação de Testes\\Programacao-para-Automacao-de-Testes\\TrabalhoFinal\\trabalho-final.js",
          "file": "\\TrabalhoFinal\\trabalho-final.js",
          "beforeHooks": [],
          "afterHooks": [],
          "tests": [
            {
              "title": "QUANDO informar um nome para o Pet, DEVE ser impresso na tag com letras maiúsculas",
              "fullTitle": "Testes da disciplina - fundamentos JS QUANDO informar um nome para o Pet, DEVE ser impresso na tag com letras maiúsculas",
              "timedOut": false,
              "duration": 1,
              "state": "passed",
              "speed": "fast",
              "pass": true,
              "fail": false,
              "pending": false,
              "context": null,
              "code": "assert.strictEqual(geradorDeTagsDeIdentificacao(\"Pantera\"), \"PANTERA\");",
              "err": {},
              "uuid": "4ac92d90-6097-4979-b4be-aa400684d580",
              "parentUUID": "6982d1be-3f78-4007-8605-24656158a46c",
              "isHook": false,
              "skipped": false
            },
            {
              "title": "QUANDO a idade = 1 + porte M, DEVE ser permitida a adoção",
              "fullTitle": "Testes da disciplina - fundamentos JS QUANDO a idade = 1 + porte M, DEVE ser permitida a adoção",
              "timedOut": false,
              "duration": 0,
              "state": "passed",
              "speed": "fast",
              "pass": true,
              "fail": false,
              "pending": false,
              "context": null,
              "code": "assert.strictEqual(verificarSePodeSerAdotado(1, \"M\"), true);",
              "err": {},
              "uuid": "8d746445-4e8d-4d54-91af-bd6870b98b15",
              "parentUUID": "6982d1be-3f78-4007-8605-24656158a46c",
              "isHook": false,
              "skipped": false
            },
            {
              "title": "QUANDO o peso = 14.5, DEVE ser retornado 4350 gramas para o consumo diário",
              "fullTitle": "Testes da disciplina - fundamentos JS QUANDO o peso = 14.5, DEVE ser retornado 4350 gramas para o consumo diário",
              "timedOut": false,
              "duration": 0,
              "state": "passed",
              "speed": "fast",
              "pass": true,
              "fail": false,
              "pending": false,
              "context": null,
              "code": "assert.strictEqual(calcularConsumoDeRacao(\"Pitoco\", 1, 14.5), 4350);",
              "err": {},
              "uuid": "db1eeb13-7803-447a-ba1f-81598b8338b4",
              "parentUUID": "6982d1be-3f78-4007-8605-24656158a46c",
              "isHook": false,
              "skipped": false
            },
            {
              "title": "QUANDO o porte = pequeno, DEVE ser retornada a atividade adequada",
              "fullTitle": "Testes da disciplina - fundamentos JS QUANDO o porte = pequeno, DEVE ser retornada a atividade adequada",
              "timedOut": false,
              "duration": 1,
              "state": "passed",
              "speed": "fast",
              "pass": true,
              "fail": false,
              "pending": false,
              "context": null,
              "code": "assert.strictEqual(\n  decidirTipoDeAtividadePorPorte(\"pequeno\"),\n  \"brincar dentro de casa\",\n);",
              "err": {},
              "uuid": "54c5c5f5-de0b-4db3-a1d2-d861638074a9",
              "parentUUID": "6982d1be-3f78-4007-8605-24656158a46c",
              "isHook": false,
              "skipped": false
            },
            {
              "title": "QUANDO buscar dado de exemplo, DEVE retornar um valor de forma assíncrona",
              "fullTitle": "Testes da disciplina - fundamentos JS QUANDO buscar dado de exemplo, DEVE retornar um valor de forma assíncrona",
              "timedOut": false,
              "duration": 1,
              "state": "passed",
              "speed": "fast",
              "pass": true,
              "fail": false,
              "pending": false,
              "context": null,
              "code": "const resultado = await buscarDadoAsync();\nassert.strictEqual(resultado, \"Pipoca\");",
              "err": {},
              "uuid": "e2829296-e546-4b67-bc9d-c25252b1dcf1",
              "parentUUID": "6982d1be-3f78-4007-8605-24656158a46c",
              "isHook": false,
              "skipped": false
            }
          ],
          "suites": [],
          "passes": [
            "4ac92d90-6097-4979-b4be-aa400684d580",
            "8d746445-4e8d-4d54-91af-bd6870b98b15",
            "db1eeb13-7803-447a-ba1f-81598b8338b4",
            "54c5c5f5-de0b-4db3-a1d2-d861638074a9",
            "e2829296-e546-4b67-bc9d-c25252b1dcf1"
          ],
          "failures": [],
          "pending": [],
          "skipped": [],
          "duration": 3,
          "root": false,
          "rootEmpty": false,
          "_timeout": 2000
        }
      ],
      "passes": [],
      "failures": [],
      "pending": [],
      "skipped": [],
      "duration": 0,
      "root": true,
      "rootEmpty": true,
      "_timeout": 2000
    }
  ],
  "meta": {
    "mocha": {
      "version": "11.6.0"
    },
    "mochawesome": {
      "options": {
        "quiet": false,
        "reportFilename": "mochawesome",
        "saveHtml": true,
        "saveJson": true,
        "consoleReporter": "spec",
        "useInlineDiffs": false,
        "code": true
      },
      "version": "7.1.3"
    },
    "marge": {
      "options": null,
      "version": "6.2.0"
    }
  }
}