{
  "stats": {
    "suites": 1,
    "tests": 5,
    "passes": 5,
    "pending": 0,
    "failures": 0,
    "start": "2025-06-12T20:49:35.891Z",
    "end": "2025-06-12T20:49:35.903Z",
    "duration": 12,
    "testsRegistered": 5,
    "passPercent": 100,
    "pendingPercent": 0,
    "other": 0,
    "hasOther": false,
    "skipped": 0,
    "hasSkipped": false
  },
  "results": [
    {
      "uuid": "b4ac00b4-be08-4c9a-8281-f25aa78cdb5b",
      "title": "",
      "fullFile": "C:\\Users\\Beatriz S Correa\\Documents\\Pós-graduação em Automação de Testes de Software  2025\\Programação para Automação de Testes\\Programacao-para-Automacao-de-Testes\\TrabalhoFinal\\trabalho-final.js",
      "file": "\\TrabalhoFinal\\trabalho-final.js",
      "beforeHooks": [],
      "afterHooks": [],
      "tests": [],
      "suites": [
        {
          "uuid": "0242b228-8832-48f4-aa30-421d2ca3e560",
          "title": "Testes da disciplina - fundamentos JS",
          "fullFile": "C:\\Users\\Beatriz S Correa\\Documents\\Pós-graduação em Automação de Testes de Software  2025\\Programação para Automação de Testes\\Programacao-para-Automacao-de-Testes\\TrabalhoFinal\\trabalho-final.js",
          "file": "\\TrabalhoFinal\\trabalho-final.js",
          "beforeHooks": [],
          "afterHooks": [],
          "tests": [
            {
              "title": "QUANDO informar um nome para o Pet, DEVE ser impresso na tag com letras maiúsculas",
              "fullTitle": "Testes da disciplina - fundamentos JS QUANDO informar um nome para o Pet, DEVE ser impresso na tag com letras maiúsculas",
              "timedOut": false,
              "duration": 1,
              "state": "passed",
              "speed": "fast",
              "pass": true,
              "fail": false,
              "pending": false,
              "context": null,
              "code": "assert.strictEqual(geradorDeTagsDeIdentificacao(\"Pantera\"), \"PANTERA\");",
              "err": {},
              "uuid": "876ee5ed-1c7f-4c96-867a-382b6ec56a19",
              "parentUUID": "0242b228-8832-48f4-aa30-421d2ca3e560",
              "isHook": false,
              "skipped": false
            },
            {
              "title": "QUANDO a idade = 1 + porte M, DEVE ser permitida a adoção",
              "fullTitle": "Testes da disciplina - fundamentos JS QUANDO a idade = 1 + porte M, DEVE ser permitida a adoção",
              "timedOut": false,
              "duration": 0,
              "state": "passed",
              "speed": "fast",
              "pass": true,
              "fail": false,
              "pending": false,
              "context": null,
              "code": "assert.strictEqual(verificarSePodeSerAdotado(1, \"M\"), true);",
              "err": {},
              "uuid": "93b111b7-2b75-482b-9796-b68ee03fad93",
              "parentUUID": "0242b228-8832-48f4-aa30-421d2ca3e560",
              "isHook": false,
              "skipped": false
            },
            {
              "title": "QUANDO o peso = 14.5, DEVE ser retornado 4350 gramas para o consumo diário",
              "fullTitle": "Testes da disciplina - fundamentos JS QUANDO o peso = 14.5, DEVE ser retornado 4350 gramas para o consumo diário",
              "timedOut": false,
              "duration": 0,
              "state": "passed",
              "speed": "fast",
              "pass": true,
              "fail": false,
              "pending": false,
              "context": null,
              "code": "assert.strictEqual(calcularConsumoDeRacao(\"Pitoco\", 1, 14.5), 4350);",
              "err": {},
              "uuid": "05b05427-8849-4fd2-a496-518e6e41bc74",
              "parentUUID": "0242b228-8832-48f4-aa30-421d2ca3e560",
              "isHook": false,
              "skipped": false
            },
            {
              "title": "QUANDO o porte = pequeno, DEVE ser retornada a atividade adequada",
              "fullTitle": "Testes da disciplina - fundamentos JS QUANDO o porte = pequeno, DEVE ser retornada a atividade adequada",
              "timedOut": false,
              "duration": 0,
              "state": "passed",
              "speed": "fast",
              "pass": true,
              "fail": false,
              "pending": false,
              "context": null,
              "code": "assert.strictEqual(\n  decidirTipoDeAtividadePorPorte(\"pequeno\"),\n  \"brincar dentro de casa\",\n);",
              "err": {},
              "uuid": "fb9d0757-7093-4a27-b9e6-550b1c995972",
              "parentUUID": "0242b228-8832-48f4-aa30-421d2ca3e560",
              "isHook": false,
              "skipped": false
            },
            {
              "title": "QUANDO buscar dado de exemplo, DEVE retornar um valor de forma assíncrona",
              "fullTitle": "Testes da disciplina - fundamentos JS QUANDO buscar dado de exemplo, DEVE retornar um valor de forma assíncrona",
              "timedOut": false,
              "duration": 1,
              "state": "passed",
              "speed": "fast",
              "pass": true,
              "fail": false,
              "pending": false,
              "context": null,
              "code": "const resultado = await buscarDadoAsync();\nassert.strictEqual(resultado, \"Pipoca\");",
              "err": {},
              "uuid": "9b4d7252-c885-4e9f-90ab-30110bf40d17",
              "parentUUID": "0242b228-8832-48f4-aa30-421d2ca3e560",
              "isHook": false,
              "skipped": false
            }
          ],
          "suites": [],
          "passes": [
            "876ee5ed-1c7f-4c96-867a-382b6ec56a19",
            "93b111b7-2b75-482b-9796-b68ee03fad93",
            "05b05427-8849-4fd2-a496-518e6e41bc74",
            "fb9d0757-7093-4a27-b9e6-550b1c995972",
            "9b4d7252-c885-4e9f-90ab-30110bf40d17"
          ],
          "failures": [],
          "pending": [],
          "skipped": [],
          "duration": 2,
          "root": false,
          "rootEmpty": false,
          "_timeout": 2000
        }
      ],
      "passes": [],
      "failures": [],
      "pending": [],
      "skipped": [],
      "duration": 0,
      "root": true,
      "rootEmpty": true,
      "_timeout": 2000
    }
  ],
  "meta": {
    "mocha": {
      "version": "11.6.0"
    },
    "mochawesome": {
      "options": {
        "quiet": false,
        "reportFilename": "mochawesome",
        "saveHtml": true,
        "saveJson": true,
        "consoleReporter": "spec",
        "useInlineDiffs": false,
        "code": true
      },
      "version": "7.1.3"
    },
    "marge": {
      "options": null,
      "version": "6.2.0"
    }
  }
}